2025-11-17 18:46:40 [ERROR]: Error fetching chart data: 
Invalid `prisma.$queryRaw()` invocation:


Raw query failed. Code: `42883`. Message: `ERROR: operator does not exist: "InvoiceStatus" = text
HINT: No operator matches the given name and argument types. You might need to add explicit type casts.`
2025-11-17 18:46:40 [ERROR]: GET /api/invoices/stats/chart: Failed to get chart data {"code":500,"details":{"code":"P2010","meta":{"code":"42883","message":"ERROR: operator does not exist: \"InvoiceStatus\" = text\nHINT: No operator matches the given name and argument types. You might need to add explicit type casts."},"clientVersion":"6.17.1","name":"PrismaClientKnownRequestError"}}
2025-11-17 18:46:40 [ERROR]: Error fetching chart data: 
Invalid `prisma.$queryRaw()` invocation:


Raw query failed. Code: `42883`. Message: `ERROR: operator does not exist: "InvoiceStatus" = text
HINT: No operator matches the given name and argument types. You might need to add explicit type casts.`
2025-11-17 18:46:40 [ERROR]: GET /api/invoices/stats/chart: Failed to get chart data {"code":500,"details":{"code":"P2010","meta":{"code":"42883","message":"ERROR: operator does not exist: \"InvoiceStatus\" = text\nHINT: No operator matches the given name and argument types. You might need to add explicit type casts."},"clientVersion":"6.17.1","name":"PrismaClientKnownRequestError"}}
2025-11-17 18:46:40 [ERROR]: GET /api/invoices/stats: Method not implemented. {}
2025-11-17 18:46:41 [ERROR]: GET /api/invoices/stats: Method not implemented. {}
2025-11-17 18:53:29 [ERROR]: GET /api/products: Validation failed {"code":400,"details":[{"type":"field","value":"all","msg":"Invalid Category ID format","path":"categoryId","location":"query"}]}
2025-11-17 18:53:52 [ERROR]: GET /api/products: Validation failed {"code":400,"details":[{"type":"field","value":"all","msg":"Invalid Category ID format","path":"categoryId","location":"query"}]}
2025-11-17 18:54:07 [ERROR]: Error fetching chart data: 
Invalid `prisma.$queryRaw()` invocation:


Raw query failed. Code: `42883`. Message: `ERROR: operator does not exist: "InvoiceStatus" = text
HINT: No operator matches the given name and argument types. You might need to add explicit type casts.`
2025-11-17 18:54:07 [ERROR]: GET /api/invoices/stats/chart: Failed to get chart data {"code":500,"details":{"code":"P2010","meta":{"code":"42883","message":"ERROR: operator does not exist: \"InvoiceStatus\" = text\nHINT: No operator matches the given name and argument types. You might need to add explicit type casts."},"clientVersion":"6.17.1","name":"PrismaClientKnownRequestError"}}
2025-11-17 18:54:07 [ERROR]: GET /api/invoices/stats: Method not implemented. {}
2025-11-17 18:54:08 [ERROR]: Error fetching chart data: 
Invalid `prisma.$queryRaw()` invocation:


Raw query failed. Code: `42883`. Message: `ERROR: operator does not exist: "InvoiceStatus" = text
HINT: No operator matches the given name and argument types. You might need to add explicit type casts.`
2025-11-17 18:54:08 [ERROR]: GET /api/invoices/stats/chart: Failed to get chart data {"code":500,"details":{"code":"P2010","meta":{"code":"42883","message":"ERROR: operator does not exist: \"InvoiceStatus\" = text\nHINT: No operator matches the given name and argument types. You might need to add explicit type casts."},"clientVersion":"6.17.1","name":"PrismaClientKnownRequestError"}}
2025-11-17 18:54:08 [ERROR]: GET /api/invoices/stats: Method not implemented. {}
2025-11-17 18:55:16 [ERROR]: Error fetching chart data: 
Invalid `prisma.$queryRaw()` invocation:


Raw query failed. Code: `42883`. Message: `ERROR: operator does not exist: "InvoiceStatus" = text
HINT: No operator matches the given name and argument types. You might need to add explicit type casts.`
2025-11-17 18:55:16 [ERROR]: GET /api/invoices/stats/chart: Failed to get chart data {"code":500,"details":{"code":"P2010","meta":{"code":"42883","message":"ERROR: operator does not exist: \"InvoiceStatus\" = text\nHINT: No operator matches the given name and argument types. You might need to add explicit type casts."},"clientVersion":"6.17.1","name":"PrismaClientKnownRequestError"}}
2025-11-17 18:55:16 [ERROR]: Error fetching chart data: 
Invalid `prisma.$queryRaw()` invocation:


Raw query failed. Code: `42883`. Message: `ERROR: operator does not exist: "InvoiceStatus" = text
HINT: No operator matches the given name and argument types. You might need to add explicit type casts.`
2025-11-17 18:55:16 [ERROR]: GET /api/invoices/stats/chart: Failed to get chart data {"code":500,"details":{"code":"P2010","meta":{"code":"42883","message":"ERROR: operator does not exist: \"InvoiceStatus\" = text\nHINT: No operator matches the given name and argument types. You might need to add explicit type casts."},"clientVersion":"6.17.1","name":"PrismaClientKnownRequestError"}}
2025-11-17 18:55:16 [ERROR]: GET /api/invoices/stats: Method not implemented. {}
2025-11-17 18:55:17 [ERROR]: GET /api/invoices/stats: Method not implemented. {}
2025-11-17 18:55:26 [ERROR]: Error fetching chart data: 
Invalid `prisma.$queryRaw()` invocation:


Raw query failed. Code: `42883`. Message: `ERROR: operator does not exist: "InvoiceStatus" = text
HINT: No operator matches the given name and argument types. You might need to add explicit type casts.`
2025-11-17 18:55:26 [ERROR]: GET /api/invoices/stats/chart: Failed to get chart data {"code":500,"details":{"code":"P2010","meta":{"code":"42883","message":"ERROR: operator does not exist: \"InvoiceStatus\" = text\nHINT: No operator matches the given name and argument types. You might need to add explicit type casts."},"clientVersion":"6.17.1","name":"PrismaClientKnownRequestError"}}
2025-11-17 18:55:27 [ERROR]: GET /api/invoices/stats: Method not implemented. {}
2025-11-17 18:55:34 [ERROR]: Error fetching chart data: 
Invalid `prisma.$queryRaw()` invocation:


Raw query failed. Code: `42883`. Message: `ERROR: operator does not exist: "InvoiceStatus" = text
HINT: No operator matches the given name and argument types. You might need to add explicit type casts.`
2025-11-17 18:55:34 [ERROR]: GET /api/invoices/stats/chart: Failed to get chart data {"code":500,"details":{"code":"P2010","meta":{"code":"42883","message":"ERROR: operator does not exist: \"InvoiceStatus\" = text\nHINT: No operator matches the given name and argument types. You might need to add explicit type casts."},"clientVersion":"6.17.1","name":"PrismaClientKnownRequestError"}}
2025-11-17 18:55:34 [ERROR]: Error fetching chart data: 
Invalid `prisma.$queryRaw()` invocation:


Raw query failed. Code: `42883`. Message: `ERROR: operator does not exist: "InvoiceStatus" = text
HINT: No operator matches the given name and argument types. You might need to add explicit type casts.`
2025-11-17 18:55:34 [ERROR]: GET /api/invoices/stats/chart: Failed to get chart data {"code":500,"details":{"code":"P2010","meta":{"code":"42883","message":"ERROR: operator does not exist: \"InvoiceStatus\" = text\nHINT: No operator matches the given name and argument types. You might need to add explicit type casts."},"clientVersion":"6.17.1","name":"PrismaClientKnownRequestError"}}
2025-11-17 18:55:34 [ERROR]: GET /api/invoices/stats: Method not implemented. {}
2025-11-17 18:55:35 [ERROR]: GET /api/invoices/stats: Method not implemented. {}
2025-11-17 18:55:49 [ERROR]: Error fetching chart data: 
Invalid `prisma.$queryRaw()` invocation:


Raw query failed. Code: `42883`. Message: `ERROR: operator does not exist: "InvoiceStatus" = text
HINT: No operator matches the given name and argument types. You might need to add explicit type casts.`
2025-11-17 18:55:49 [ERROR]: GET /api/invoices/stats/chart: Failed to get chart data {"code":500,"details":{"code":"P2010","meta":{"code":"42883","message":"ERROR: operator does not exist: \"InvoiceStatus\" = text\nHINT: No operator matches the given name and argument types. You might need to add explicit type casts."},"clientVersion":"6.17.1","name":"PrismaClientKnownRequestError"}}
2025-11-17 18:55:49 [ERROR]: Error fetching chart data: 
Invalid `prisma.$queryRaw()` invocation:


Raw query failed. Code: `42883`. Message: `ERROR: operator does not exist: "InvoiceStatus" = text
HINT: No operator matches the given name and argument types. You might need to add explicit type casts.`
2025-11-17 18:55:49 [ERROR]: GET /api/invoices/stats/chart: Failed to get chart data {"code":500,"details":{"code":"P2010","meta":{"code":"42883","message":"ERROR: operator does not exist: \"InvoiceStatus\" = text\nHINT: No operator matches the given name and argument types. You might need to add explicit type casts."},"clientVersion":"6.17.1","name":"PrismaClientKnownRequestError"}}
2025-11-17 18:55:49 [ERROR]: GET /api/invoices/stats: Method not implemented. {}
2025-11-17 18:55:49 [ERROR]: GET /api/invoices/stats: Method not implemented. {}
2025-11-17 18:57:22 [ERROR]: Error fetching chart data: 
Invalid `prisma.$queryRaw()` invocation:


Raw query failed. Code: `42883`. Message: `ERROR: operator does not exist: "InvoiceStatus" = text
HINT: No operator matches the given name and argument types. You might need to add explicit type casts.`
2025-11-17 18:57:22 [ERROR]: GET /api/invoices/stats/chart: Failed to get chart data {"code":500,"details":{"code":"P2010","meta":{"code":"42883","message":"ERROR: operator does not exist: \"InvoiceStatus\" = text\nHINT: No operator matches the given name and argument types. You might need to add explicit type casts."},"clientVersion":"6.17.1","name":"PrismaClientKnownRequestError"}}
2025-11-17 18:57:22 [ERROR]: Error fetching chart data: 
Invalid `prisma.$queryRaw()` invocation:


Raw query failed. Code: `42883`. Message: `ERROR: operator does not exist: "InvoiceStatus" = text
HINT: No operator matches the given name and argument types. You might need to add explicit type casts.`
2025-11-17 18:57:22 [ERROR]: GET /api/invoices/stats/chart: Failed to get chart data {"code":500,"details":{"code":"P2010","meta":{"code":"42883","message":"ERROR: operator does not exist: \"InvoiceStatus\" = text\nHINT: No operator matches the given name and argument types. You might need to add explicit type casts."},"clientVersion":"6.17.1","name":"PrismaClientKnownRequestError"}}
2025-11-17 18:57:23 [ERROR]: GET /api/invoices/stats: Method not implemented. {}
2025-11-17 18:57:23 [ERROR]: GET /api/invoices/stats: Method not implemented. {}
2025-11-17 18:57:42 [ERROR]: Error fetching chart data: 
Invalid `prisma.$queryRaw()` invocation:


Raw query failed. Code: `42883`. Message: `ERROR: operator does not exist: "InvoiceStatus" = text
HINT: No operator matches the given name and argument types. You might need to add explicit type casts.`
2025-11-17 18:57:42 [ERROR]: GET /api/invoices/stats/chart: Failed to get chart data {"code":500,"details":{"code":"P2010","meta":{"code":"42883","message":"ERROR: operator does not exist: \"InvoiceStatus\" = text\nHINT: No operator matches the given name and argument types. You might need to add explicit type casts."},"clientVersion":"6.17.1","name":"PrismaClientKnownRequestError"}}
2025-11-17 18:57:42 [ERROR]: Error fetching chart data: 
Invalid `prisma.$queryRaw()` invocation:


Raw query failed. Code: `42883`. Message: `ERROR: operator does not exist: "InvoiceStatus" = text
HINT: No operator matches the given name and argument types. You might need to add explicit type casts.`
2025-11-17 18:57:42 [ERROR]: GET /api/invoices/stats/chart: Failed to get chart data {"code":500,"details":{"code":"P2010","meta":{"code":"42883","message":"ERROR: operator does not exist: \"InvoiceStatus\" = text\nHINT: No operator matches the given name and argument types. You might need to add explicit type casts."},"clientVersion":"6.17.1","name":"PrismaClientKnownRequestError"}}
2025-11-17 18:57:42 [ERROR]: GET /api/invoices/stats: Method not implemented. {}
2025-11-17 18:57:43 [ERROR]: GET /api/invoices/stats: Method not implemented. {}
2025-11-17 18:58:00 [ERROR]: Error fetching chart data: 
Invalid `prisma.$queryRaw()` invocation:


Raw query failed. Code: `42883`. Message: `ERROR: operator does not exist: "InvoiceStatus" = text
HINT: No operator matches the given name and argument types. You might need to add explicit type casts.`
2025-11-17 18:58:00 [ERROR]: GET /api/invoices/stats/chart: Failed to get chart data {"code":500,"details":{"code":"P2010","meta":{"code":"42883","message":"ERROR: operator does not exist: \"InvoiceStatus\" = text\nHINT: No operator matches the given name and argument types. You might need to add explicit type casts."},"clientVersion":"6.17.1","name":"PrismaClientKnownRequestError"}}
2025-11-17 18:58:00 [ERROR]: GET /api/invoices/stats: Method not implemented. {}
2025-11-17 19:03:46 [ERROR]: GET /api/invoices/stats: Method not implemented. {}
2025-11-17 19:03:46 [ERROR]: Error fetching chart data: 
Invalid `prisma.$queryRaw()` invocation:


Raw query failed. Code: `42883`. Message: `ERROR: operator does not exist: "InvoiceStatus" = text
HINT: No operator matches the given name and argument types. You might need to add explicit type casts.`
2025-11-17 19:03:46 [ERROR]: GET /api/invoices/stats/chart: Failed to get chart data {"code":500,"details":{"code":"P2010","meta":{"code":"42883","message":"ERROR: operator does not exist: \"InvoiceStatus\" = text\nHINT: No operator matches the given name and argument types. You might need to add explicit type casts."},"clientVersion":"6.17.1","name":"PrismaClientKnownRequestError"}}
2025-11-17 19:03:46 [ERROR]: Error fetching chart data: 
Invalid `prisma.$queryRaw()` invocation:


Raw query failed. Code: `42883`. Message: `ERROR: operator does not exist: "InvoiceStatus" = text
HINT: No operator matches the given name and argument types. You might need to add explicit type casts.`
2025-11-17 19:03:46 [ERROR]: GET /api/invoices/stats/chart: Failed to get chart data {"code":500,"details":{"code":"P2010","meta":{"code":"42883","message":"ERROR: operator does not exist: \"InvoiceStatus\" = text\nHINT: No operator matches the given name and argument types. You might need to add explicit type casts."},"clientVersion":"6.17.1","name":"PrismaClientKnownRequestError"}}
2025-11-17 19:03:47 [ERROR]: GET /api/invoices/stats: Method not implemented. {}
2025-11-17 19:04:16 [ERROR]: Error fetching chart data: 
Invalid `prisma.$queryRaw()` invocation:


Raw query failed. Code: `42883`. Message: `ERROR: operator does not exist: "InvoiceStatus" = text
HINT: No operator matches the given name and argument types. You might need to add explicit type casts.`
2025-11-17 19:04:16 [ERROR]: GET /api/invoices/stats/chart: Failed to get chart data {"code":500,"details":{"code":"P2010","meta":{"code":"42883","message":"ERROR: operator does not exist: \"InvoiceStatus\" = text\nHINT: No operator matches the given name and argument types. You might need to add explicit type casts."},"clientVersion":"6.17.1","name":"PrismaClientKnownRequestError"}}
2025-11-17 19:04:16 [ERROR]: Error fetching chart data: 
Invalid `prisma.$queryRaw()` invocation:


Raw query failed. Code: `42883`. Message: `ERROR: operator does not exist: "InvoiceStatus" = text
HINT: No operator matches the given name and argument types. You might need to add explicit type casts.`
2025-11-17 19:04:16 [ERROR]: GET /api/invoices/stats/chart: Failed to get chart data {"code":500,"details":{"code":"P2010","meta":{"code":"42883","message":"ERROR: operator does not exist: \"InvoiceStatus\" = text\nHINT: No operator matches the given name and argument types. You might need to add explicit type casts."},"clientVersion":"6.17.1","name":"PrismaClientKnownRequestError"}}
2025-11-17 19:04:16 [ERROR]: GET /api/invoices/stats: Method not implemented. {}
2025-11-17 19:04:16 [ERROR]: GET /api/invoices/stats: Method not implemented. {}
2025-11-17 19:04:37 [ERROR]: Error fetching chart data: 
Invalid `prisma.$queryRaw()` invocation:


Raw query failed. Code: `42883`. Message: `ERROR: operator does not exist: "InvoiceStatus" = text
HINT: No operator matches the given name and argument types. You might need to add explicit type casts.`
2025-11-17 19:04:37 [ERROR]: GET /api/invoices/stats/chart: Failed to get chart data {"code":500,"details":{"code":"P2010","meta":{"code":"42883","message":"ERROR: operator does not exist: \"InvoiceStatus\" = text\nHINT: No operator matches the given name and argument types. You might need to add explicit type casts."},"clientVersion":"6.17.1","name":"PrismaClientKnownRequestError"}}
2025-11-17 19:04:37 [ERROR]: Error fetching chart data: 
Invalid `prisma.$queryRaw()` invocation:


Raw query failed. Code: `42883`. Message: `ERROR: operator does not exist: "InvoiceStatus" = text
HINT: No operator matches the given name and argument types. You might need to add explicit type casts.`
2025-11-17 19:04:37 [ERROR]: GET /api/invoices/stats/chart: Failed to get chart data {"code":500,"details":{"code":"P2010","meta":{"code":"42883","message":"ERROR: operator does not exist: \"InvoiceStatus\" = text\nHINT: No operator matches the given name and argument types. You might need to add explicit type casts."},"clientVersion":"6.17.1","name":"PrismaClientKnownRequestError"}}
2025-11-17 19:04:37 [ERROR]: GET /api/invoices/stats: Method not implemented. {}
2025-11-17 19:04:37 [ERROR]: GET /api/invoices/stats: Method not implemented. {}
2025-11-17 19:04:57 [ERROR]: Error fetching chart data: 
Invalid `prisma.$queryRaw()` invocation:


Raw query failed. Code: `42883`. Message: `ERROR: operator does not exist: "InvoiceStatus" = text
HINT: No operator matches the given name and argument types. You might need to add explicit type casts.`
2025-11-17 19:04:57 [ERROR]: GET /api/invoices/stats/chart: Failed to get chart data {"code":500,"details":{"code":"P2010","meta":{"code":"42883","message":"ERROR: operator does not exist: \"InvoiceStatus\" = text\nHINT: No operator matches the given name and argument types. You might need to add explicit type casts."},"clientVersion":"6.17.1","name":"PrismaClientKnownRequestError"}}
2025-11-17 19:04:58 [ERROR]: Error fetching chart data: 
Invalid `prisma.$queryRaw()` invocation:


Raw query failed. Code: `42883`. Message: `ERROR: operator does not exist: "InvoiceStatus" = text
HINT: No operator matches the given name and argument types. You might need to add explicit type casts.`
2025-11-17 19:04:58 [ERROR]: GET /api/invoices/stats/chart: Failed to get chart data {"code":500,"details":{"code":"P2010","meta":{"code":"42883","message":"ERROR: operator does not exist: \"InvoiceStatus\" = text\nHINT: No operator matches the given name and argument types. You might need to add explicit type casts."},"clientVersion":"6.17.1","name":"PrismaClientKnownRequestError"}}
2025-11-17 19:04:58 [ERROR]: GET /api/invoices/stats: Method not implemented. {}
2025-11-17 19:04:58 [ERROR]: GET /api/invoices/stats: Method not implemented. {}
2025-11-17 19:06:39 [ERROR]: Error fetching chart data: 
Invalid `prisma.$queryRaw()` invocation:


Raw query failed. Code: `42883`. Message: `ERROR: operator does not exist: "InvoiceStatus" = text
HINT: No operator matches the given name and argument types. You might need to add explicit type casts.`
2025-11-17 19:06:39 [ERROR]: GET /api/invoices/stats/chart: Failed to get chart data {"code":500,"details":{"code":"P2010","meta":{"code":"42883","message":"ERROR: operator does not exist: \"InvoiceStatus\" = text\nHINT: No operator matches the given name and argument types. You might need to add explicit type casts."},"clientVersion":"6.17.1","name":"PrismaClientKnownRequestError"}}
2025-11-17 19:06:39 [ERROR]: Error fetching chart data: 
Invalid `prisma.$queryRaw()` invocation:


Raw query failed. Code: `42883`. Message: `ERROR: operator does not exist: "InvoiceStatus" = text
HINT: No operator matches the given name and argument types. You might need to add explicit type casts.`
2025-11-17 19:06:39 [ERROR]: GET /api/invoices/stats/chart: Failed to get chart data {"code":500,"details":{"code":"P2010","meta":{"code":"42883","message":"ERROR: operator does not exist: \"InvoiceStatus\" = text\nHINT: No operator matches the given name and argument types. You might need to add explicit type casts."},"clientVersion":"6.17.1","name":"PrismaClientKnownRequestError"}}
2025-11-17 19:06:39 [ERROR]: GET /api/invoices/stats: Method not implemented. {}
2025-11-17 19:06:39 [ERROR]: GET /api/invoices/stats: Method not implemented. {}
2025-11-17 19:07:19 [ERROR]: Error fetching chart data: 
Invalid `prisma.$queryRaw()` invocation:


Raw query failed. Code: `42883`. Message: `ERROR: operator does not exist: "InvoiceStatus" = text
HINT: No operator matches the given name and argument types. You might need to add explicit type casts.`
2025-11-17 19:07:19 [ERROR]: GET /api/invoices/stats/chart: Failed to get chart data {"code":500,"details":{"code":"P2010","meta":{"code":"42883","message":"ERROR: operator does not exist: \"InvoiceStatus\" = text\nHINT: No operator matches the given name and argument types. You might need to add explicit type casts."},"clientVersion":"6.17.1","name":"PrismaClientKnownRequestError"}}
2025-11-17 19:07:19 [ERROR]: Error fetching chart data: 
Invalid `prisma.$queryRaw()` invocation:


Raw query failed. Code: `42883`. Message: `ERROR: operator does not exist: "InvoiceStatus" = text
HINT: No operator matches the given name and argument types. You might need to add explicit type casts.`
2025-11-17 19:07:19 [ERROR]: GET /api/invoices/stats/chart: Failed to get chart data {"code":500,"details":{"code":"P2010","meta":{"code":"42883","message":"ERROR: operator does not exist: \"InvoiceStatus\" = text\nHINT: No operator matches the given name and argument types. You might need to add explicit type casts."},"clientVersion":"6.17.1","name":"PrismaClientKnownRequestError"}}
2025-11-17 19:07:19 [ERROR]: GET /api/invoices/stats: Method not implemented. {}
2025-11-17 19:07:19 [ERROR]: GET /api/invoices/stats: Method not implemented. {}
2025-11-17 19:23:33 [ERROR]: POST /api/products: SKU already exists for this user {"code":409}
2025-11-17 19:23:35 [ERROR]: POST /api/products: SKU already exists for this user {"code":409}
2025-11-17 19:23:36 [ERROR]: POST /api/products: SKU already exists for this user {"code":409}
2025-11-17 19:23:37 [ERROR]: POST /api/products: SKU already exists for this user {"code":409}
2025-11-17 19:23:37 [ERROR]: POST /api/products: SKU already exists for this user {"code":409}
2025-11-17 19:23:38 [ERROR]: POST /api/products: SKU already exists for this user {"code":409}
2025-11-17 19:23:39 [ERROR]: POST /api/products: SKU already exists for this user {"code":409}
2025-11-17 19:23:39 [ERROR]: POST /api/products: SKU already exists for this user {"code":409}
2025-11-17 19:23:56 [ERROR]: Error fetching chart data: 
Invalid `prisma.$queryRaw()` invocation:


Raw query failed. Code: `42883`. Message: `ERROR: operator does not exist: "InvoiceStatus" = text
HINT: No operator matches the given name and argument types. You might need to add explicit type casts.`
2025-11-17 19:23:56 [ERROR]: GET /api/invoices/stats/chart: Failed to get chart data {"code":500,"details":{"code":"P2010","meta":{"code":"42883","message":"ERROR: operator does not exist: \"InvoiceStatus\" = text\nHINT: No operator matches the given name and argument types. You might need to add explicit type casts."},"clientVersion":"6.17.1","name":"PrismaClientKnownRequestError"}}
2025-11-17 19:23:56 [ERROR]: GET /api/invoices/stats: Method not implemented. {}
2025-11-17 19:23:57 [ERROR]: Error fetching chart data: 
Invalid `prisma.$queryRaw()` invocation:


Raw query failed. Code: `42883`. Message: `ERROR: operator does not exist: "InvoiceStatus" = text
HINT: No operator matches the given name and argument types. You might need to add explicit type casts.`
2025-11-17 19:23:57 [ERROR]: GET /api/invoices/stats/chart: Failed to get chart data {"code":500,"details":{"code":"P2010","meta":{"code":"42883","message":"ERROR: operator does not exist: \"InvoiceStatus\" = text\nHINT: No operator matches the given name and argument types. You might need to add explicit type casts."},"clientVersion":"6.17.1","name":"PrismaClientKnownRequestError"}}
2025-11-17 19:23:57 [ERROR]: GET /api/invoices/stats: Method not implemented. {}
2025-11-17 21:05:48 [ERROR]: Error fetching chart data: 
Invalid `prisma.$queryRaw()` invocation:


Raw query failed. Code: `42883`. Message: `ERROR: operator does not exist: "InvoiceStatus" = text
HINT: No operator matches the given name and argument types. You might need to add explicit type casts.`
2025-11-17 21:05:48 [ERROR]: GET /api/invoices/stats/chart: Failed to get chart data {"code":500,"details":{"code":"P2010","meta":{"code":"42883","message":"ERROR: operator does not exist: \"InvoiceStatus\" = text\nHINT: No operator matches the given name and argument types. You might need to add explicit type casts."},"clientVersion":"6.17.1","name":"PrismaClientKnownRequestError"}}
2025-11-17 21:05:48 [ERROR]: Error fetching chart data: 
Invalid `prisma.$queryRaw()` invocation:


Raw query failed. Code: `42883`. Message: `ERROR: operator does not exist: "InvoiceStatus" = text
HINT: No operator matches the given name and argument types. You might need to add explicit type casts.`
2025-11-17 21:05:48 [ERROR]: GET /api/invoices/stats/chart: Failed to get chart data {"code":500,"details":{"code":"P2010","meta":{"code":"42883","message":"ERROR: operator does not exist: \"InvoiceStatus\" = text\nHINT: No operator matches the given name and argument types. You might need to add explicit type casts."},"clientVersion":"6.17.1","name":"PrismaClientKnownRequestError"}}
2025-11-17 21:05:49 [ERROR]: GET /api/invoices/stats: Method not implemented. {}
2025-11-17 21:05:49 [ERROR]: GET /api/invoices/stats: Method not implemented. {}
2025-11-17 21:06:02 [ERROR]: Error fetching chart data: 
Invalid `prisma.$queryRaw()` invocation:


Raw query failed. Code: `42883`. Message: `ERROR: operator does not exist: "InvoiceStatus" = text
HINT: No operator matches the given name and argument types. You might need to add explicit type casts.`
2025-11-17 21:06:02 [ERROR]: GET /api/invoices/stats/chart: Failed to get chart data {"code":500,"details":{"code":"P2010","meta":{"code":"42883","message":"ERROR: operator does not exist: \"InvoiceStatus\" = text\nHINT: No operator matches the given name and argument types. You might need to add explicit type casts."},"clientVersion":"6.17.1","name":"PrismaClientKnownRequestError"}}
2025-11-17 21:06:02 [ERROR]: GET /api/invoices/stats: Method not implemented. {}
2025-11-17 21:10:36 [ERROR]: Error fetching chart data: 
Invalid `prisma.$queryRaw()` invocation:


Raw query failed. Code: `42883`. Message: `ERROR: operator does not exist: "InvoiceStatus" = text
HINT: No operator matches the given name and argument types. You might need to add explicit type casts.`
2025-11-17 21:10:36 [ERROR]: GET /api/invoices/stats/chart: Failed to get chart data {"code":500,"details":{"code":"P2010","meta":{"code":"42883","message":"ERROR: operator does not exist: \"InvoiceStatus\" = text\nHINT: No operator matches the given name and argument types. You might need to add explicit type casts."},"clientVersion":"6.17.1","name":"PrismaClientKnownRequestError"}}
2025-11-17 21:10:36 [ERROR]: GET /api/invoices/stats: Method not implemented. {}
2025-11-17 21:11:20 [ERROR]: Error fetching chart data: 
Invalid `prisma.$queryRaw()` invocation:


Raw query failed. Code: `42883`. Message: `ERROR: operator does not exist: "InvoiceStatus" = text
HINT: No operator matches the given name and argument types. You might need to add explicit type casts.`
2025-11-17 21:11:20 [ERROR]: GET /api/invoices/stats/chart: Failed to get chart data {"code":500,"details":{"code":"P2010","meta":{"code":"42883","message":"ERROR: operator does not exist: \"InvoiceStatus\" = text\nHINT: No operator matches the given name and argument types. You might need to add explicit type casts."},"clientVersion":"6.17.1","name":"PrismaClientKnownRequestError"}}
2025-11-17 21:11:20 [ERROR]: GET /api/invoices/stats: Method not implemented. {}
2025-11-17 21:12:05 [ERROR]: Error fetching chart data: 
Invalid `prisma.$queryRaw()` invocation:


Raw query failed. Code: `42883`. Message: `ERROR: operator does not exist: "InvoiceStatus" = text
HINT: No operator matches the given name and argument types. You might need to add explicit type casts.`
2025-11-17 21:12:05 [ERROR]: GET /api/invoices/stats/chart: Failed to get chart data {"code":500,"details":{"code":"P2010","meta":{"code":"42883","message":"ERROR: operator does not exist: \"InvoiceStatus\" = text\nHINT: No operator matches the given name and argument types. You might need to add explicit type casts."},"clientVersion":"6.17.1","name":"PrismaClientKnownRequestError"}}
2025-11-17 21:12:05 [ERROR]: Error fetching chart data: 
Invalid `prisma.$queryRaw()` invocation:


Raw query failed. Code: `42883`. Message: `ERROR: operator does not exist: "InvoiceStatus" = text
HINT: No operator matches the given name and argument types. You might need to add explicit type casts.`
2025-11-17 21:12:05 [ERROR]: GET /api/invoices/stats/chart: Failed to get chart data {"code":500,"details":{"code":"P2010","meta":{"code":"42883","message":"ERROR: operator does not exist: \"InvoiceStatus\" = text\nHINT: No operator matches the given name and argument types. You might need to add explicit type casts."},"clientVersion":"6.17.1","name":"PrismaClientKnownRequestError"}}
2025-11-17 21:12:05 [ERROR]: GET /api/invoices/stats: Method not implemented. {}
2025-11-17 21:12:05 [ERROR]: GET /api/invoices/stats: Method not implemented. {}
2025-11-17 21:14:50 [ERROR]: Error fetching chart data: 
Invalid `prisma.$queryRaw()` invocation:


Raw query failed. Code: `42883`. Message: `ERROR: operator does not exist: "InvoiceStatus" = text
HINT: No operator matches the given name and argument types. You might need to add explicit type casts.`
2025-11-17 21:14:50 [ERROR]: GET /api/invoices/stats/chart: Failed to get chart data {"code":500,"details":{"code":"P2010","meta":{"code":"42883","message":"ERROR: operator does not exist: \"InvoiceStatus\" = text\nHINT: No operator matches the given name and argument types. You might need to add explicit type casts."},"clientVersion":"6.17.1","name":"PrismaClientKnownRequestError"}}
2025-11-17 21:14:51 [ERROR]: GET /api/invoices/stats: Method not implemented. {}
2025-11-17 21:26:38 [ERROR]: POST /api/auth/register: Email already registered {"code":409}
2025-11-17 21:26:38 [ERROR]: POST /api/auth/register: Validation failed {"code":400,"details":[{"type":"field","msg":"Name is required","path":"name","location":"body"}]}
2025-11-17 21:26:38 [ERROR]: POST /api/auth/set-password: Validation failed {"code":400,"details":[{"type":"field","value":"invalidtoken123","msg":"Invalid token format","path":"token","location":"body"}]}
2025-11-17 21:26:38 [ERROR]: POST /api/auth/set-password: Validation failed {"code":400,"details":[{"type":"field","value":"123","msg":"Password must be at least 6 characters long","path":"password","location":"body"}]}
2025-11-17 21:26:39 [ERROR]: POST /api/auth/login: Invalid email or password {"code":401}
2025-11-17 21:27:02 [ERROR]: POST /api/auth/register: Email already registered {"code":409}
2025-11-17 21:27:02 [ERROR]: POST /api/auth/register: Validation failed {"code":400,"details":[{"type":"field","msg":"Name is required","path":"name","location":"body"}]}
2025-11-17 21:27:02 [ERROR]: POST /api/auth/set-password: Validation failed {"code":400,"details":[{"type":"field","value":"invalidtoken123","msg":"Invalid token format","path":"token","location":"body"}]}
2025-11-17 21:27:02 [ERROR]: POST /api/auth/set-password: Validation failed {"code":400,"details":[{"type":"field","value":"123","msg":"Password must be at least 6 characters long","path":"password","location":"body"}]}
2025-11-17 21:27:03 [ERROR]: POST /api/auth/login: Invalid email or password {"code":401}
2025-11-17 21:30:20 [ERROR]: GET /api/invoices/stats/chart: Invalid token. User not found. {"code":401}
2025-11-17 21:30:20 [ERROR]: GET /api/invoices/stats: Invalid token. User not found. {"code":401}
2025-11-17 21:30:20 [ERROR]: GET /api/invoices: Invalid token. User not found. {"code":401}
2025-11-17 21:30:24 [ERROR]: GET /api/invoices: Invalid token. User not found. {"code":401}
2025-11-17 21:30:24 [ERROR]: GET /api/invoices/stats: Invalid token. User not found. {"code":401}
2025-11-17 21:30:24 [ERROR]: GET /api/invoices/stats/chart: Invalid token. User not found. {"code":401}
2025-11-17 21:30:26 [ERROR]: GET /api/invoices/stats/chart: Invalid token. User not found. {"code":401}
2025-11-17 21:30:26 [ERROR]: GET /api/invoices: Invalid token. User not found. {"code":401}
2025-11-17 21:30:26 [ERROR]: GET /api/invoices/stats: Invalid token. User not found. {"code":401}
2025-11-17 21:30:55 [ERROR]: POST /api/auth/login: Invalid email or password {"code":401}
2025-11-17 21:31:01 [ERROR]: POST /api/auth/login: Invalid email or password {"code":401}
2025-11-17 21:31:04 [ERROR]: POST /api/auth/login: Invalid email or password {"code":401}
2025-11-17 21:31:05 [ERROR]: POST /api/auth/login: Invalid email or password {"code":401}
2025-11-17 21:31:05 [ERROR]: POST /api/auth/login: Invalid email or password {"code":401}
2025-11-17 21:31:06 [ERROR]: POST /api/auth/login: Invalid email or password {"code":401}
2025-11-17 21:31:06 [ERROR]: POST /api/auth/login: Invalid email or password {"code":401}
2025-11-17 21:31:06 [ERROR]: POST /api/auth/login: Invalid email or password {"code":401}
2025-11-17 21:31:12 [ERROR]: POST /api/auth/login: Invalid email or password {"code":401}
2025-11-17 21:31:13 [ERROR]: POST /api/auth/login: Invalid email or password {"code":401}
2025-11-17 21:31:14 [ERROR]: POST /api/auth/login: Invalid email or password {"code":401}
2025-11-17 21:33:05 [ERROR]: GET /api/invoices: 
Invalid `prisma.user.findUnique()` invocation in
C:\Dev 1\InvoiceHub\invoicehub-api\src\repositories\user.repository.ts:20:30

  17 }
  18 
  19 public async findUserById(id: string) {
→ 20   return await prisma.user.findUnique(
Timed out fetching a new connection from the connection pool. More info: http://pris.ly/d/connection-pool (Current connection pool timeout: 10, connection limit: 33) {"code":"P2024","meta":{"modelName":"User","connection_limit":33,"timeout":10},"clientVersion":"6.17.1","name":"PrismaClientKnownRequestError"}
2025-11-17 21:40:40 [ERROR]: POST /api/auth/register: Email already registered {"code":409}
2025-11-17 21:40:40 [ERROR]: POST /api/auth/register: Validation failed {"code":400,"details":[{"type":"field","msg":"Name is required","path":"name","location":"body"}]}
2025-11-17 21:40:40 [ERROR]: POST /api/auth/set-password: Validation failed {"code":400,"details":[{"type":"field","value":"invalidtoken123","msg":"Invalid token format","path":"token","location":"body"}]}
2025-11-17 21:40:40 [ERROR]: POST /api/auth/set-password: Validation failed {"code":400,"details":[{"type":"field","value":"123","msg":"Password must be at least 6 characters long","path":"password","location":"body"}]}
2025-11-17 21:40:41 [ERROR]: POST /api/auth/login: Invalid email or password {"code":401}
2025-11-17 21:42:03 [ERROR]: GET /api/products: Validation failed {"code":400,"details":[{"type":"field","value":"all","msg":"Invalid Category ID format","path":"categoryId","location":"query"}]}
2025-11-17 21:46:26 [ERROR]: PUT /api/auth/me: 
Invalid `prisma.user.update()` invocation in
C:\Dev 1\InvoiceHub\invoicehub-api\src\repositories\user.repository.ts:29:30

  26   id: string,
  27   data: TUpdateUserInput
  28 ): Promise<User> {
→ 29   return await prisma.user.update({
         where: {
           id: "94e3a025-b103-42d9-8715-8374fdb85eb7"
         },
         data: {
           name: "jasa",
           email: "amremirate33@gmail.com",
           company: "unpam",
           phone: "aefe",
           address: "",
           city: "",
           state: "",
           zipCode: "",
           country: "",
           taxId: "",
           bankAccount: "",
           avatar: "https://res.cloudinary.com/dsgxqnexj/image/upload/v1763390784/invoicehub_uploads/img_1763390784323_WhatsApp%20Image%202025-11-02%20at%2020.jpg",
           ~~~~~~
       ?   id?: String | StringFieldUpdateOperationsInput,
       ?   password?: String | NullableStringFieldUpdateOperationsInput | Null,
       ?   isVerified?: Boolean | BoolFieldUpdateOperationsInput,
       ?   verificationToken?: String | NullableStringFieldUpdateOperationsInput | Null,
       ?   createdAt?: DateTime | DateTimeFieldUpdateOperationsInput,
       ?   updatedAt?: DateTime | DateTimeFieldUpdateOperationsInput,
       ?   clients?: ClientUpdateManyWithoutUserNestedInput,
       ?   categories?: CategoryUpdateManyWithoutUserNestedInput,
       ?   products?: ProductUpdateManyWithoutUserNestedInput,
       ?   invoices?: InvoiceUpdateManyWithoutUserNestedInput
         }
       })

Unknown argument `avatar`. Available options are marked with ?. {"name":"PrismaClientValidationError","clientVersion":"6.17.1"}
2025-11-17 21:46:44 [ERROR]: PUT /api/auth/me: 
Invalid `prisma.user.update()` invocation in
C:\Dev 1\InvoiceHub\invoicehub-api\src\repositories\user.repository.ts:29:30

  26   id: string,
  27   data: TUpdateUserInput
  28 ): Promise<User> {
→ 29   return await prisma.user.update({
         where: {
           id: "94e3a025-b103-42d9-8715-8374fdb85eb7"
         },
         data: {
           name: "jasa",
           email: "amremirate33@gmail.com",
           company: "unpam",
           phone: "aefe",
           address: "",
           city: "",
           state: "",
           zipCode: "",
           country: "",
           taxId: "",
           bankAccount: "",
           avatar: "https://res.cloudinary.com/dsgxqnexj/image/upload/v1763390802/invoicehub_uploads/img_1763390802210_WhatsApp%20Image%202025-11-02%20at%2020.jpg",
           ~~~~~~
       ?   id?: String | StringFieldUpdateOperationsInput,
       ?   password?: String | NullableStringFieldUpdateOperationsInput | Null,
       ?   isVerified?: Boolean | BoolFieldUpdateOperationsInput,
       ?   verificationToken?: String | NullableStringFieldUpdateOperationsInput | Null,
       ?   createdAt?: DateTime | DateTimeFieldUpdateOperationsInput,
       ?   updatedAt?: DateTime | DateTimeFieldUpdateOperationsInput,
       ?   clients?: ClientUpdateManyWithoutUserNestedInput,
       ?   categories?: CategoryUpdateManyWithoutUserNestedInput,
       ?   products?: ProductUpdateManyWithoutUserNestedInput,
       ?   invoices?: InvoiceUpdateManyWithoutUserNestedInput
         }
       })

Unknown argument `avatar`. Available options are marked with ?. {"name":"PrismaClientValidationError","clientVersion":"6.17.1"}
2025-11-17 21:47:03 [ERROR]: PUT /api/auth/me: 
Invalid `prisma.user.update()` invocation in
C:\Dev 1\InvoiceHub\invoicehub-api\src\repositories\user.repository.ts:29:30

  26   id: string,
  27   data: TUpdateUserInput
  28 ): Promise<User> {
→ 29   return await prisma.user.update({
         where: {
           id: "94e3a025-b103-42d9-8715-8374fdb85eb7"
         },
         data: {
           name: "jasa",
           email: "amremirate33@gmail.com",
           company: "unpam",
           phone: "aefe",
           address: "",
           city: "",
           state: "",
           zipCode: "",
           country: "",
           taxId: "",
           bankAccount: "",
           avatar: "https://res.cloudinary.com/dsgxqnexj/image/upload/v1763390821/invoicehub_uploads/img_1763390821022_WhatsApp%20Image%202025-11-02%20at%2020.jpg",
           ~~~~~~
       ?   id?: String | StringFieldUpdateOperationsInput,
       ?   password?: String | NullableStringFieldUpdateOperationsInput | Null,
       ?   isVerified?: Boolean | BoolFieldUpdateOperationsInput,
       ?   verificationToken?: String | NullableStringFieldUpdateOperationsInput | Null,
       ?   createdAt?: DateTime | DateTimeFieldUpdateOperationsInput,
       ?   updatedAt?: DateTime | DateTimeFieldUpdateOperationsInput,
       ?   clients?: ClientUpdateManyWithoutUserNestedInput,
       ?   categories?: CategoryUpdateManyWithoutUserNestedInput,
       ?   products?: ProductUpdateManyWithoutUserNestedInput,
       ?   invoices?: InvoiceUpdateManyWithoutUserNestedInput
         }
       })

Unknown argument `avatar`. Available options are marked with ?. {"name":"PrismaClientValidationError","clientVersion":"6.17.1"}
